<?xml version="1.0" encoding="UTF-8"?>
<!-- Generated by org.testng.reporters.JUnitReportReporter -->
<testsuite hostname="DESKTOP-GJ9UHCB" name="com.test.KayakAuto" tests="1" failures="0" timestamp="13 Sep 2016 07:11:25 GMT" time="32.685" errors="0">
  <testcase name="FlightBooking" time="32.685" classname="com.test.KayakAuto"/>
</testsuite> <!-- com.test.KayakAuto -->
